Colors/Library/Bee/Android/Prj/IL2CPP/Gradle/launcher/build/intermediates/manifest_merge_blame_file/release/manifest-merger-blame-release-report.txt
1<?xml version="1.0" encoding="utf-8"?>
2<manifest xmlns:android="http://schemas.android.com/apk/res/android"
3    package="com.NefariousGameStudios.Colors"
4    android:installLocation="preferExternal"
5    android:versionCode="28"
6    android:versionName="1.3" >
7
8    <uses-sdk
9        android:minSdkVersion="22"
9-->src\main\AndroidManifest.xml
10        android:targetSdkVersion="34" />
10-->src\main\AndroidManifest.xml
11
12    <supports-screens
12-->src\main\AndroidManifest.xml:3:3-163
13        android:anyDensity="true"
13-->src\main\AndroidManifest.xml:3:135-160
14        android:largeScreens="true"
14-->src\main\AndroidManifest.xml:3:78-105
15        android:normalScreens="true"
15-->src\main\AndroidManifest.xml:3:49-77
16        android:smallScreens="true"
16-->src\main\AndroidManifest.xml:3:21-48
17        android:xlargeScreens="true" />
17-->src\main\AndroidManifest.xml:3:106-134
18
19    <uses-feature android:glEsVersion="0x00030000" />
19-->[:unityLibrary] AndroidManifest.xml:12:5-54
19-->[:unityLibrary] AndroidManifest.xml:12:19-51
20    <uses-feature
20-->[:unityLibrary] AndroidManifest.xml:13:5-15:36
21        android:name="android.hardware.vulkan.version"
21-->[:unityLibrary] AndroidManifest.xml:14:9-55
22        android:required="false" />
22-->[:unityLibrary] AndroidManifest.xml:15:9-33
23
24    <supports-gl-texture android:name="GL_OES_compressed_ETC1_RGB8_texture" />
24-->[:unityLibrary] AndroidManifest.xml:17:5-79
24-->[:unityLibrary] AndroidManifest.xml:17:26-76
25
26    <uses-permission android:name="android.permission.INTERNET" />
26-->[:unityLibrary] AndroidManifest.xml:19:5-67
26-->[:unityLibrary] AndroidManifest.xml:19:22-64
27    <uses-permission android:name="android.permission.VIBRATE" />
27-->[:unityLibrary] AndroidManifest.xml:20:5-66
27-->[:unityLibrary] AndroidManifest.xml:20:22-63
28
29    <uses-feature
29-->[:unityLibrary] AndroidManifest.xml:22:5-24:36
30        android:name="android.hardware.touchscreen"
30-->[:unityLibrary] AndroidManifest.xml:23:9-52
31        android:required="false" />
31-->[:unityLibrary] AndroidManifest.xml:24:9-33
32    <uses-feature
32-->[:unityLibrary] AndroidManifest.xml:25:5-27:36
33        android:name="android.hardware.touchscreen.multitouch"
33-->[:unityLibrary] AndroidManifest.xml:26:9-63
34        android:required="false" />
34-->[:unityLibrary] AndroidManifest.xml:27:9-33
35    <uses-feature
35-->[:unityLibrary] AndroidManifest.xml:28:5-30:36
36        android:name="android.hardware.touchscreen.multitouch.distinct"
36-->[:unityLibrary] AndroidManifest.xml:29:9-72
37        android:required="false" />
37-->[:unityLibrary] AndroidManifest.xml:30:9-33
38
39    <application
39-->src\main\AndroidManifest.xml:4:3-83
40        android:extractNativeLibs="true"
40-->[:unityLibrary] AndroidManifest.xml:32:18-50
41        android:icon="@mipmap/app_icon"
41-->src\main\AndroidManifest.xml:4:49-80
42        android:label="@string/app_name" >
42-->src\main\AndroidManifest.xml:4:16-48
43        <activity
43-->[:unityLibrary] AndroidManifest.xml:33:9-54:20
44            android:name="com.unity3d.player.UnityPlayerActivity"
44-->[:unityLibrary] AndroidManifest.xml:34:13-66
45            android:configChanges="mcc|mnc|locale|touchscreen|keyboard|keyboardHidden|navigation|orientation|screenLayout|uiMode|screenSize|smallestScreenSize|fontScale|layoutDirection|density"
45-->[:unityLibrary] AndroidManifest.xml:35:13-194
46            android:exported="true"
46-->[:unityLibrary] AndroidManifest.xml:36:13-36
47            android:hardwareAccelerated="false"
47-->[:unityLibrary] AndroidManifest.xml:37:13-48
48            android:launchMode="singleTask"
48-->[:unityLibrary] AndroidManifest.xml:38:13-44
49            android:resizeableActivity="false"
49-->[:unityLibrary] AndroidManifest.xml:39:13-47
50            android:screenOrientation="portrait"
50-->[:unityLibrary] AndroidManifest.xml:40:13-49
51            android:theme="@style/UnityThemeSelector" >
51-->[:unityLibrary] AndroidManifest.xml:41:13-54
52            <intent-filter>
52-->[:unityLibrary] AndroidManifest.xml:42:13-46:29
53                <action android:name="android.intent.action.MAIN" />
53-->[:unityLibrary] AndroidManifest.xml:43:17-69
53-->[:unityLibrary] AndroidManifest.xml:43:25-66
54
55                <category android:name="android.intent.category.LAUNCHER" />
55-->[:unityLibrary] AndroidManifest.xml:45:17-77
55-->[:unityLibrary] AndroidManifest.xml:45:27-74
56            </intent-filter>
57
58            <meta-data
58-->[:unityLibrary] AndroidManifest.xml:48:13-50:40
59                android:name="unityplayer.UnityActivity"
59-->[:unityLibrary] AndroidManifest.xml:49:17-57
60                android:value="true" />
60-->[:unityLibrary] AndroidManifest.xml:50:17-37
61            <meta-data
61-->[:unityLibrary] AndroidManifest.xml:51:13-53:40
62                android:name="android.notch_support"
62-->[:unityLibrary] AndroidManifest.xml:52:17-53
63                android:value="true" />
63-->[:unityLibrary] AndroidManifest.xml:53:17-37
64        </activity>
65
66        <meta-data
66-->[:unityLibrary] AndroidManifest.xml:56:9-58:33
67            android:name="unity.splash-mode"
67-->[:unityLibrary] AndroidManifest.xml:57:13-45
68            android:value="0" />
68-->[:unityLibrary] AndroidManifest.xml:58:13-30
69        <meta-data
69-->[:unityLibrary] AndroidManifest.xml:59:9-61:36
70            android:name="unity.splash-enable"
70-->[:unityLibrary] AndroidManifest.xml:60:13-47
71            android:value="True" />
71-->[:unityLibrary] AndroidManifest.xml:61:13-33
72        <meta-data
72-->[:unityLibrary] AndroidManifest.xml:62:9-64:36
73            android:name="unity.launch-fullscreen"
73-->[:unityLibrary] AndroidManifest.xml:63:13-51
74            android:value="True" />
74-->[:unityLibrary] AndroidManifest.xml:64:13-33
75        <meta-data
75-->[:unityLibrary] AndroidManifest.xml:65:9-67:37
76            android:name="unity.allow-resizable-window"
76-->[:unityLibrary] AndroidManifest.xml:66:13-56
77            android:value="False" />
77-->[:unityLibrary] AndroidManifest.xml:67:13-34
78        <meta-data
78-->[:unityLibrary] AndroidManifest.xml:68:9-70:50
79            android:name="notch.config"
79-->[:unityLibrary] AndroidManifest.xml:69:13-40
80            android:value="portrait|landscape" />
80-->[:unityLibrary] AndroidManifest.xml:70:13-47
81    </application>
82
83</manifest>